<?xml version="1.0" encoding="UTF-8"?>
<!-- Generated by org.testng.reporters.JUnitReportReporter -->
<testsuite hostname="DESKTOP-S33VJ14" failures="0" tests="3" name="testNG.GoogleLanguage" time="11.158" errors="0" timestamp="2022-02-25T21:14:35 IST" skipped="0">
  <testcase classname="testNG.GoogleLanguage" name="beforeTest" time="3.317"/>
  <system-out/>
  <testcase classname="testNG.GoogleLanguage" name="ff" time="7.494"/>
  <system-out/>
  <testcase classname="testNG.GoogleLanguage" name="afterTest" time="0.347"/>
  <system-out/>
</testsuite> <!-- testNG.GoogleLanguage -->
