<?xml version="1.0" encoding="UTF-8"?>
<!-- Generated by org.testng.reporters.JUnitReportReporter -->
<testsuite skipped="0" hostname="DESKTOP-S33VJ14" name="testNG.MedicalSite" tests="1" failures="0" timestamp="2022-03-22T13:51:55 IST" time="12.815" errors="0">
  <testcase name="f" time="12.815" classname="testNG.MedicalSite"/>
  <system-out/>
</testsuite> <!-- testNG.MedicalSite -->
