<?xml version="1.0" encoding="UTF-8"?>
<!-- Generated by org.testng.reporters.JUnitReportReporter -->
<testsuite hostname="DESKTOP-S33VJ14" failures="0" tests="1" name="testNG.SoftAssert1" time="43.963" errors="0" timestamp="2022-02-26T14:25:30 IST" skipped="0">
  <testcase classname="testNG.SoftAssert1" name="testURL" time="43.963"/>
  <system-out/>
</testsuite> <!-- testNG.SoftAssert1 -->
