<?xml version="1.0" encoding="UTF-8"?>
<!-- Generated by org.testng.reporters.JUnitReportReporter -->
<testsuite hostname="DESKTOP-S33VJ14" failures="0" tests="1" name="testNG.SoftAssertions" time="13.105" errors="0" timestamp="2022-02-26T10:40:30 IST" skipped="0">
  <testcase classname="testNG.SoftAssertions" name="softAss" time="13.105"/>
  <system-out/>
</testsuite> <!-- testNG.SoftAssertions -->
