<?xml version="1.0" encoding="UTF-8"?>
<!-- Generated by org.testng.reporters.JUnitReportReporter -->
<testsuite hostname="DESKTOP-S33VJ14" failures="0" tests="1" name="testNG.iFrameDemo" time="7.631" errors="0" timestamp="2022-02-27T21:36:41 IST" skipped="0">
  <testcase classname="testNG.iFrameDemo" name="iFrame" time="7.631"/>
  <system-out/>
</testsuite> <!-- testNG.iFrameDemo -->
