<?xml version="1.0" encoding="UTF-8"?>
<!-- Generated by org.testng.reporters.JUnitReportReporter -->
<testsuite skipped="0" hostname="DESKTOP-S33VJ14" name="testNG.Mantra" tests="1" failures="0" timestamp="2022-03-23T12:03:09 IST" time="31.086" errors="0">
  <testcase name="f" time="31.086" classname="testNG.Mantra"/>
  <system-out/>
</testsuite> <!-- testNG.Mantra -->
