<?xml version="1.0" encoding="UTF-8"?>
<!-- Generated by org.testng.reporters.JUnitReportReporter -->
<testsuite hostname="DESKTOP-S33VJ14" failures="0" tests="1" name="Excel.CreateExcelFile" time="0.228" errors="0" timestamp="2022-02-28T16:30:06 IST" skipped="0">
  <testcase classname="Excel.CreateExcelFile" name="f" time="0.228"/>
  <system-out/>
</testsuite> <!-- Excel.CreateExcelFile -->
