<?xml version="1.0" encoding="UTF-8"?>
<!-- Generated by org.testng.reporters.JUnitReportReporter -->
<testsuite skipped="0" hostname="DESKTOP-S33VJ14" name="testNG.KeyboardActions" tests="1" failures="0" timestamp="2022-03-23T14:33:56 IST" time="30.534" errors="0">
  <testcase name="keyboard" time="30.534" classname="testNG.KeyboardActions"/>
  <system-out/>
</testsuite> <!-- testNG.KeyboardActions -->
