<?xml version="1.0" encoding="UTF-8"?>
<!-- Generated by org.testng.reporters.JUnitReportReporter -->
<testsuite skipped="0" hostname="DESKTOP-S33VJ14" name="testNG.SSClassDemo" tests="1" failures="0" timestamp="2022-03-09T20:04:50 IST" time="17.286" errors="0">
  <testcase name="SSClass" time="17.286" classname="testNG.SSClassDemo"/>
  <system-out/>
</testsuite> <!-- testNG.SSClassDemo -->
