<?xml version="1.0" encoding="UTF-8"?>
<!-- Generated by org.testng.reporters.JUnitReportReporter -->
<testsuite skipped="0" hostname="DESKTOP-S33VJ14" name="Excel.OrangeHRM_Excel" tests="1" failures="0" timestamp="2022-03-01T11:55:35 IST" time="26.561" errors="0">
  <testcase name="orangeMethod" time="26.561" classname="Excel.OrangeHRM_Excel"/>
  <system-out/>
</testsuite> <!-- Excel.OrangeHRM_Excel -->
