<?xml version="1.0" encoding="UTF-8"?>
<!-- Generated by org.testng.reporters.JUnitReportReporter -->
<testsuite skipped="1" hostname="DESKTOP-S33VJ14" name="testNG.Mouse_Keyboard_Operation" tests="2" failures="0" timestamp="2022-03-10T18:11:19 IST" time="5.196" errors="0">
  <testcase name="slide" time="5.196" classname="testNG.Mouse_Keyboard_Operation"/>
  <system-out/>
  <testcase name="dragAndDrop" classname="testNG.Mouse_Keyboard_Operation">
    <skipped/>
  </testcase> <!-- dragAndDrop -->
  <system-out/>
</testsuite> <!-- testNG.Mouse_Keyboard_Operation -->
