<?xml version="1.0" encoding="UTF-8"?>
<!-- Generated by org.testng.reporters.JUnitReportReporter -->
<testsuite skipped="0" hostname="DESKTOP-S33VJ14" name="testNG.ScreenShot" tests="1" failures="0" timestamp="2022-05-08T15:16:05 IST" time="17.252" errors="0">
  <testcase name="f" time="17.252" classname="testNG.ScreenShot"/>
  <system-out/>
</testsuite> <!-- testNG.ScreenShot -->
