<?xml version="1.0" encoding="UTF-8"?>
<!-- Generated by org.testng.reporters.JUnitReportReporter -->
<testsuite skipped="0" hostname="DESKTOP-S33VJ14" name="testNG.log4jDemo" tests="1" failures="0" timestamp="2022-05-08T15:32:04 IST" time="12.127" errors="0">
  <testcase name="f" time="12.127" classname="testNG.log4jDemo"/>
  <system-out/>
</testsuite> <!-- testNG.log4jDemo -->
