<?xml version="1.0" encoding="UTF-8"?>
<!-- Generated by org.testng.reporters.JUnitReportReporter -->
<testsuite skipped="0" hostname="DESKTOP-S33VJ14" name="testNG.AssertExample" tests="1" failures="0" timestamp="2022-03-11T08:25:10 IST" time="15.067" errors="0">
  <testcase name="assertDemo" time="15.067" classname="testNG.AssertExample"/>
  <system-out/>
</testsuite> <!-- testNG.AssertExample -->
