<?xml version="1.0" encoding="UTF-8"?>
<!-- Generated by org.testng.reporters.JUnitReportReporter -->
<testsuite skipped="0" hostname="DESKTOP-S33VJ14" name="testNG.DesiredCapabilities" tests="1" failures="0" timestamp="2022-04-26T21:26:26 IST" time="12.622" errors="0">
  <testcase name="DCTest" time="12.622" classname="testNG.DesiredCapabilities"/>
  <system-out/>
</testsuite> <!-- testNG.DesiredCapabilities -->
