<?xml version="1.0" encoding="UTF-8"?>
<!-- Generated by org.testng.reporters.JUnitReportReporter -->
<testsuite skipped="0" hostname="DESKTOP-S33VJ14" name="testNG.NavigationExample" tests="1" failures="0" timestamp="2022-03-16T13:09:55 IST" time="26.028" errors="0">
  <testcase name="nav" time="26.028" classname="testNG.NavigationExample"/>
  <system-out/>
</testsuite> <!-- testNG.NavigationExample -->
