<?xml version="1.0" encoding="UTF-8"?>
<!-- Generated by org.testng.reporters.JUnitReportReporter -->
<testsuite skipped="0" hostname="DESKTOP-S33VJ14" name="testNG.RediffAC" tests="1" failures="0" timestamp="2022-03-29T17:23:13 IST" time="25.901" errors="0">
  <testcase name="f" time="25.901" classname="testNG.RediffAC"/>
  <system-out/>
</testsuite> <!-- testNG.RediffAC -->
