<?xml version="1.0" encoding="UTF-8"?>
<!-- Generated by org.testng.reporters.JUnitReportReporter -->
<testsuite skipped="0" hostname="DESKTOP-S33VJ14" name="testNG.AjaxHandling" tests="1" failures="0" timestamp="2022-03-11T15:23:57 IST" time="16.292" errors="0">
  <testcase name="f" time="16.292" classname="testNG.AjaxHandling"/>
  <system-out/>
</testsuite> <!-- testNG.AjaxHandling -->
