<?xml version="1.0" encoding="UTF-8"?>
<!-- Generated by org.testng.reporters.JUnitReportReporter -->
<testsuite skipped="0" hostname="DESKTOP-S33VJ14" name="testNG.SauceDemo" tests="1" failures="0" timestamp="2022-03-22T13:49:11 IST" time="9.373" errors="0">
  <testcase name="Sauce" time="9.373" classname="testNG.SauceDemo"/>
  <system-out/>
</testsuite> <!-- testNG.SauceDemo -->
