<?xml version="1.0" encoding="UTF-8"?>
<!-- Generated by org.testng.reporters.JUnitReportReporter -->
<testsuite skipped="0" hostname="DESKTOP-S33VJ14" name="testNG.NewTest" tests="1" failures="0" timestamp="2022-05-22T16:42:33 IST" time="4.565" errors="0">
  <testcase name="f" time="4.565" classname="testNG.NewTest"/>
  <system-out/>
</testsuite> <!-- testNG.NewTest -->
