<?xml version="1.0" encoding="UTF-8"?>
<!-- Generated by org.testng.reporters.JUnitReportReporter -->
<testsuite skipped="0" hostname="DESKTOP-S33VJ14" name="testNG.DynamicWebCalender" tests="1" failures="0" timestamp="2022-03-11T22:17:30 IST" time="12.408" errors="0">
  <testcase name="calenderDemo" time="12.408" classname="testNG.DynamicWebCalender"/>
  <system-out/>
</testsuite> <!-- testNG.DynamicWebCalender -->
