<?xml version="1.0" encoding="UTF-8"?>
<!-- Generated by org.testng.reporters.JUnitReportReporter -->
<testsuite hostname="DESKTOP-S33VJ14" failures="0" tests="1" name="Excel.GetExcelData" time="0.203" errors="0" timestamp="2022-02-28T16:15:21 IST" skipped="0">
  <testcase classname="Excel.GetExcelData" name="f" time="0.203"/>
  <system-out/>
</testsuite> <!-- Excel.GetExcelData -->
