<?xml version="1.0" encoding="UTF-8"?>
<!-- Generated by org.testng.reporters.JUnitReportReporter -->
<testsuite skipped="0" hostname="DESKTOP-S33VJ14" name="testNG.DesiredCapabilities" tests="1" failures="0" timestamp="2022-05-22T17:27:21 IST" time="10.610" errors="0">
  <testcase name="DCTest" time="10.610" classname="testNG.DesiredCapabilities"/>
  <system-out/>
</testsuite> <!-- testNG.DesiredCapabilities -->
