<?xml version="1.0" encoding="UTF-8"?>
<!-- Generated by org.testng.reporters.JUnitReportReporter -->
<testsuite skipped="0" hostname="DESKTOP-S33VJ14" name="testNG.TakeScreenshotDemo" tests="1" failures="0" timestamp="2022-03-07T17:11:49 IST" time="0.929" errors="0">
  <testcase name="screenShot" time="0.929" classname="testNG.TakeScreenshotDemo"/>
  <system-out/>
</testsuite> <!-- testNG.TakeScreenshotDemo -->
