<?xml version="1.0" encoding="UTF-8"?>
<!-- Generated by org.testng.reporters.JUnitReportReporter -->
<testsuite skipped="0" hostname="DESKTOP-S33VJ14" name="testNG.Seed" tests="1" failures="0" timestamp="2022-04-01T15:14:29 IST" time="20.709" errors="0">
  <testcase name="citiBankMultipleWidows" time="20.709" classname="testNG.Seed"/>
  <system-out/>
</testsuite> <!-- testNG.Seed -->
