<?xml version="1.0" encoding="UTF-8"?>
<!-- Generated by org.testng.reporters.JUnitReportReporter -->
<testsuite skipped="0" hostname="DESKTOP-S33VJ14" name="testNG.Redbus" tests="1" failures="0" timestamp="2022-03-22T13:47:28 IST" time="13.632" errors="0">
  <testcase name="red" time="13.632" classname="testNG.Redbus"/>
  <system-out/>
</testsuite> <!-- testNG.Redbus -->
