<?xml version="1.0" encoding="UTF-8"?>
<!-- Generated by org.testng.reporters.JUnitReportReporter -->
<testsuite skipped="0" hostname="DESKTOP-S33VJ14" name="testNG.BBC" tests="1" failures="0" timestamp="2022-03-23T10:32:43 IST" time="17.942" errors="0">
  <testcase name="f" time="17.942" classname="testNG.BBC"/>
  <system-out/>
</testsuite> <!-- testNG.BBC -->
