<?xml version="1.0" encoding="UTF-8"?>
<!-- Generated by org.testng.reporters.JUnitReportReporter -->
<testsuite skipped="0" hostname="DESKTOP-S33VJ14" name="testNG.UploadImageUsingAutoIt" tests="1" failures="0" timestamp="2022-03-22T13:50:47 IST" time="3.608" errors="0">
  <testcase name="upload" time="3.608" classname="testNG.UploadImageUsingAutoIt"/>
  <system-out/>
</testsuite> <!-- testNG.UploadImageUsingAutoIt -->
