<?xml version="1.0" encoding="UTF-8"?>
<!-- Generated by org.testng.reporters.JUnitReportReporter -->
<testsuite skipped="0" hostname="DESKTOP-S33VJ14" name="testNG.GetAttribute" tests="1" failures="0" timestamp="2022-03-26T11:34:02 IST" time="9.045" errors="0">
  <testcase name="f" time="9.045" classname="testNG.GetAttribute"/>
  <system-out/>
</testsuite> <!-- testNG.GetAttribute -->
