<?xml version="1.0" encoding="UTF-8"?>
<!-- Generated by org.testng.reporters.JUnitReportReporter -->
<testsuite skipped="0" hostname="DESKTOP-S33VJ14" name="testNG.SpiceJet" tests="1" failures="0" timestamp="2022-03-22T13:51:21 IST" time="13.117" errors="0">
  <testcase name="f" time="13.117" classname="testNG.SpiceJet"/>
  <system-out/>
</testsuite> <!-- testNG.SpiceJet -->
