<?xml version="1.0" encoding="UTF-8"?>
<!-- Generated by org.testng.reporters.JUnitReportReporter -->
<testsuite skipped="0" hostname="DESKTOP-S33VJ14" name="testNG.testngGroups" tests="2" failures="0" timestamp="2022-03-11T08:25:10 IST" time="0.016" errors="0">
  <testcase name="f4" time="0.006" classname="testNG.testngGroups"/>
  <system-out/>
  <testcase name="f3" time="0.010" classname="testNG.testngGroups"/>
  <system-out/>
</testsuite> <!-- testNG.testngGroups -->
