<?xml version="1.0" encoding="UTF-8"?>
<!-- Generated by org.testng.reporters.JUnitReportReporter -->
<testsuite skipped="0" hostname="DESKTOP-S33VJ14" name="testNG.CurrentDateTime" tests="1" failures="0" timestamp="2022-03-12T19:14:59 IST" time="0.065" errors="0">
  <testcase name="f" time="0.065" classname="testNG.CurrentDateTime"/>
  <system-out/>
</testsuite> <!-- testNG.CurrentDateTime -->
