<?xml version="1.0" encoding="UTF-8"?>
<!-- Generated by org.testng.reporters.JUnitReportReporter -->
<testsuite skipped="0" hostname="DESKTOP-S33VJ14" name="testNG.FaceBook_BrokenImageLinks" tests="1" failures="0" timestamp="2022-05-22T14:23:23 IST" time="29.046" errors="0">
  <testcase name="f" time="29.046" classname="testNG.FaceBook_BrokenImageLinks"/>
  <system-out/>
</testsuite> <!-- testNG.FaceBook_BrokenImageLinks -->
