<?xml version="1.0" encoding="UTF-8"?>
<!-- Generated by org.testng.reporters.JUnitReportReporter -->
<testsuite skipped="0" hostname="DESKTOP-S33VJ14" name="testNG.PropertiesFile" tests="1" failures="0" timestamp="2022-05-20T16:17:27 IST" time="0.015" errors="0">
  <testcase name="f" time="0.015" classname="testNG.PropertiesFile"/>
  <system-out/>
</testsuite> <!-- testNG.PropertiesFile -->
