<?xml version="1.0" encoding="UTF-8"?>
<!-- Generated by org.testng.reporters.JUnitReportReporter -->
<testsuite skipped="0" hostname="DESKTOP-S33VJ14" name="testNG.FBLogin" tests="1" failures="0" timestamp="2022-03-28T16:12:46 IST" time="10.802" errors="0">
  <testcase name="f" time="10.802" classname="testNG.FBLogin"/>
  <system-out/>
</testsuite> <!-- testNG.FBLogin -->
