<?xml version="1.0" encoding="UTF-8"?>
<!-- Generated by org.testng.reporters.JUnitReportReporter -->
<testsuite skipped="0" hostname="DESKTOP-S33VJ14" name="testNG.OpenCart_BrokenLink" tests="1" failures="0" timestamp="2022-05-22T13:55:40 IST" time="60.317" errors="0">
  <testcase name="f" time="60.317" classname="testNG.OpenCart_BrokenLink"/>
  <system-out/>
</testsuite> <!-- testNG.OpenCart_BrokenLink -->
